
Operating System/2 Executable File Header Utility
Version 3.00.003 May 23 1995
Copyright (C) IBM Corporation 1988-1995
Copyright (C) Microsoft Corp. 1988-1992.
All rights reserved.

.EXE size (bytes)         a2b
Magic number:             5a4d
Bytes on last page:       0200
Pages in file:            0002
Relocations:              0000
Paragraphs in header:     0004
Extra paragraphs needed:  0000
Extra paragraphs wanted:  ffff
Initial stack location:   0008:0200
Word checksum:            0000
Entry point:              0000:0000
Relocation table address: 0040
Reserved words:
 0000 0000 0000 0000 0000 0000 0000 0000
 0000 0000 0000 0000 0000
New executable header address:  00000080
Memory needed:            1K

Module:                         smp6
Description:                    OS/2 32-bit EXE - used in forward stamp
Executable format level:        0
CPU type:                       Intel 80386 or upwardly compatible
Operating system:               Operating System/2
Module version:                 20002
Module type:                    Program
Application type:               Compatible with PM Windowing
Number of memory pages:         00000002 (2)
Initial CS:EIP:                 object 1 offset 0000010c
Initial SS:ESP:                 object 2 offset 000080a0
Automatic data object:          2
Stack allocation:               00008000 (32768) bytes
Memory page size:               00001000
Page shift alignment:           00000009
Fixup section size:             00000185
Fixup section checksum:         00000000
Loader section size:            00000049
Loader section checksum:        00000000
Object Table:                   00000144 length 00000040 (64)
Object Table Entries:           00000002 (2)
Resource Table:                 00000000 length 00000000 (0)
Resource Table Entries:         00000000 (0)
Resident Names Table:           00000184 length 00000008 (8)
Entry Table:                    0000018c length 00000001 (1)
Module Directives Table:        00000000 length 00000000 (0)
Module Directives Entries:      00000000 (0)
Per-Page Checksum Table:        00000000 length 00000000 (0)
Imported Modules Name Table:    00000274 length 00000011 (17)
Imported Modules:               00000002 (2)
Imported Procedures Name Table: 00000285 length 0000008d (141)
Preload Instance Pages:         00000400 number 00000000 (0)
Preload Pages:                  00000400 number 00000000 (0)
Demand Instance Pages:          00000400 number 00000001 (1)
Non-resident Names Table:       00000a00 length 0000002b (43)
Non-resident Names Checksum:    00000000
Debug Information:              00000000 length 00000000 (0)

 no. virtual  virtual  map      map      flags
     address   size    index    size
0001 00010000 000003b4 00000001 00000001 EXECUTABLE, READABLE, NONSHARED,
                                         LOADONCALL, NONCONFORMING, NONRESOURCE,
                                         NONDISCARDABLE, VALID-PAGES, SWAPPABLE,
                                         NO 16:16 ALIAS, 32-bit, NOIOPL
                                           map    physical page flags
                                          entry    page @  size       
                                         00000001 00000600 0400 VALID
0002 00020000 000080a0 00000002 00000001 READABLE, WRITEABLE, NONSHARED,
                                         LOADONCALL, NONRESOURCE,
                                         NONDISCARDABLE, VALID-PAGES, SWAPPABLE,
                                         NO 16:16 ALIAS, 32-bit, NOIOPL
                                           map    physical page flags
                                          entry    page @  size       
                                         00000001 00000400 0200 VALID


page 1            type         offset     target
obj  1:0000       REL OFF(32)  00bf       imp SMP6DLL.CHARCNT
                  OFFSET(32)   0119       imp SMP6DLL._EXE_EXCEPTION
                  REL OFF(32)  0288       imp SMP6DLL.MALLOC
                  REL OFF(32)  0099       imp SMP6DLL.WORDCNT
                  REL OFF(32)  chain:02   imp _DOSCALL.14
                         0102 0160 
                  REL OFF(32)  0058       imp SMP6DLL.FOPEN
                  REL OFF(32)  02a4       imp SMP6DLL._PRINTERRMSG
                  REL OFF(32)  00d1       imp SMP6DLL.FCLOSE
                  REL OFF(32)  chain:04   imp SMP6DLL._PRINTFIEEE
                         001c 0070 0082 00a8 
                  REL OFF(32)  0140       imp SMP6DLL._EXCEPTION_PROCINIT
                  REL OFF(32)  chain:03   imp SMP6DLL.EXIT
                         0024 0078 018c 
                  REL OFF(32)  0125       imp SMP6DLL._CRT_INIT
                  OFFSET(32)   0138       imp SMP6DLL._MATHERR
                  OFFSET(32)   016e       imp SMP6DLL._ENVIRON
                  REL OFF(32)  02b0       imp SMP6DLL._TERMINATE
                  OFFSET(32)   0017       object    2 offset 0000
                  OFFSET(32)   00a3       object    2 offset 0040
                  OFFSET(32)   0049       object    2 offset 001a
                  OFFSET(32)   006b       object    2 offset 001c
                  OFFSET(32)   chain:02   object    2 offset 0064
                         017b 0276 
                  OFFSET(32)   chain:02   object    2 offset 0068
                         0175 02b5 
                  OFFSET(32)   007d       object    2 offset 002c
                  OFFSET(32)   0114       object    2 offset 006c
                  OFFSET(32)   chain:02   object    1 offset 00f0
                         00f9 0153 

page 2            type         offset     target
obj  2:0000       OFFSET(32)   0080       object    1 offset 010c
                  OFFSET(32)   0090       object    1 offset 039b
                  OFFSET(32)   0084       object    1 offset 01a1
                  OFFSET(32)   008c       object    1 offset 01a4
